#
# There is insufficient memory for the Java Runtime Environment to continue.
# Native memory allocation (malloc) failed to allocate 1296976 bytes for Chunk::new
# Possible reasons:
#   The system is out of physical RAM or swap space
#   In 32 bit mode, the process size limit was hit
# Possible solutions:
#   Reduce memory load on the system
#   Increase physical memory or swap space
#   Check if swap backing store is full
#   Use 64 bit Java on a 64 bit OS
#   Decrease Java heap size (-Xmx/-Xms)
#   Decrease number of Java threads
#   Decrease Java thread stack sizes (-Xss)
#   Set larger code cache with -XX:ReservedCodeCacheSize=
# This output file may be truncated or incomplete.
#
#  Out of Memory Error (allocation.cpp:390), pid=27020, tid=0x00000000000041a0
#
# JRE version: Java(TM) SE Runtime Environment (8.0_181-b13) (build 1.8.0_181-b13)
# Java VM: Java HotSpot(TM) 64-Bit Server VM (25.181-b13 mixed mode windows-amd64 compressed oops)
# Failed to write core dump. Minidumps are not enabled by default on client versions of Windows
#

---------------  T H R E A D  ---------------

Current thread (0x0000000019ec8000):  JavaThread "C2 CompilerThread1" daemon [_thread_in_native, id=16800, stack(0x000000001a880000,0x000000001a980000)]

Stack: [0x000000001a880000,0x000000001a980000]
[error occurred during error reporting (printing stack bounds), id 0xc0000005]

Native frames: (J=compiled Java code, j=interpreted, Vv=VM code, C=native code)


Current CompileTask:
C2:  46552 2862   !   4       com.sun.beans.TypeResolver::resolve (274 bytes)


---------------  P R O C E S S  ---------------

Java Threads: ( => current thread )
  0x000000001d3d9000 JavaThread "Okio Watchdog" daemon [_thread_blocked, id=24264, stack(0x0000000022540000,0x0000000022640000)]
  0x000000001d3db800 JavaThread "OkHttp ConnectionPool" daemon [_thread_blocked, id=6168, stack(0x0000000022440000,0x0000000022540000)]
  0x000000001f14e000 JavaThread "ForkJoinPool.commonPool-worker-6" daemon [_thread_blocked, id=20352, stack(0x0000000022240000,0x0000000022340000)]
  0x000000001d478800 JavaThread "ForkJoinPool.commonPool-worker-3" daemon [_thread_blocked, id=1996, stack(0x0000000021f40000,0x0000000022040000)]
  0x000000001e8ca000 JavaThread "UrlChecker-2" daemon [_thread_blocked, id=27440, stack(0x000000001f690000,0x000000001f790000)]
  0x000000001cc6a000 JavaThread "Thread-1" [_thread_blocked, id=21984, stack(0x000000001d720000,0x000000001d820000)]
  0x0000000019f69800 JavaThread "Service Thread" daemon [_thread_blocked, id=10616, stack(0x000000001ab80000,0x000000001ac80000)]
  0x0000000019ef3800 JavaThread "C1 CompilerThread3" daemon [_thread_blocked, id=5160, stack(0x000000001aa80000,0x000000001ab80000)]
  0x0000000019ecf000 JavaThread "C2 CompilerThread2" daemon [_thread_blocked, id=26904, stack(0x000000001a980000,0x000000001aa80000)]
=>0x0000000019ec8000 JavaThread "C2 CompilerThread1" daemon [_thread_in_native, id=16800, stack(0x000000001a880000,0x000000001a980000)]
  0x0000000019eb8800 JavaThread "C2 CompilerThread0" daemon [_thread_blocked, id=25172, stack(0x000000001a780000,0x000000001a880000)]
  0x0000000019eb7000 JavaThread "Attach Listener" daemon [_thread_blocked, id=26528, stack(0x000000001a680000,0x000000001a780000)]
  0x0000000019eb6000 JavaThread "Signal Dispatcher" daemon [_thread_blocked, id=18116, stack(0x000000001a580000,0x000000001a680000)]
  0x000000001808a800 JavaThread "Finalizer" daemon [_thread_blocked, id=22644, stack(0x000000001a380000,0x000000001a480000)]
  0x0000000019ea0800 JavaThread "Reference Handler" daemon [_thread_blocked, id=18888, stack(0x000000001a280000,0x000000001a380000)]
  0x0000000002f1f000 JavaThread "Forwarding findElements on session 222fa175-9cd1-4e80-a571-ab76eb477b67 to remote" [_thread_in_native, id=10372, stack(0x0000000002d80000,0x0000000002e80000)]

Other Threads:
  0x000000001807b800 VMThread [stack: 0x0000000019d80000,0x0000000019e80000] [id=1816]
  0x0000000019fbb800 WatcherThread [stack: 0x000000001ac80000,0x000000001ad80000] [id=21148]

VM state:not at safepoint (normal execution)

VM Mutex/Monitor currently owned by a thread: None

Heap:
 PSYoungGen      total 135680K, used 13560K [0x00000000d5580000, 0x00000000de580000, 0x0000000100000000)
  eden space 124416K, 1% used [0x00000000d5580000,0x00000000d57c4d48,0x00000000dcf00000)
  from space 11264K, 99% used [0x00000000dcf00000,0x00000000dd9f9660,0x00000000dda00000)
  to   space 10752K, 0% used [0x00000000dda00000,0x00000000dda00000,0x00000000de480000)
 ParOldGen       total 65024K, used 13605K [0x0000000080000000, 0x0000000083f80000, 0x00000000d5580000)
  object space 65024K, 20% used [0x0000000080000000,0x0000000080d49430,0x0000000083f80000)
 Metaspace       used 29576K, capacity 30468K, committed 30592K, reserved 1075200K
  class space    used 3646K, capacity 3868K, committed 3968K, reserved 1048576K

Card table byte_map: [0x00000000123d0000,0x00000000127e0000] byte_map_base: 0x0000000011fd0000

Marking Bits: (ParMarkBitMap*) 0x0000000075d72d00
 Begin Bits: [0x0000000013290000, 0x0000000015290000)
 End Bits:   [0x0000000015290000, 0x0000000017290000)

Polling page: 0x00000000013f0000

CodeCache: size=245760Kb used=11980Kb max_used=12149Kb free=233780Kb
 bounds [0x0000000003010000, 0x0000000003c00000, 0x0000000012010000]
 total_blobs=3523 nmethods=2831 adapters=604
 compilation: enabled

Compilation events (10 events):
Event: 46.255 Thread 0x0000000019ef3800 2888       1       com.kms.katalon.core.testobject.TestObjectProperty::getName (5 bytes)
Event: 46.256 Thread 0x0000000019ef3800 nmethod 2888 0x000000000310f190 code [0x000000000310f2e0, 0x000000000310f3f0]
Event: 46.298 Thread 0x0000000019ecf000 2889   !   4       java.util.zip.ZipFile$ZipFileInflaterInputStream::close (67 bytes)
Event: 46.298 Thread 0x0000000019ef3800 2890       3       java.util.Formatter$Flags::<init> (10 bytes)
Event: 46.298 Thread 0x0000000019eb8800 2891   !   4       java.lang.ref.Reference::tryHandlePending (115 bytes)
Event: 46.299 Thread 0x0000000019ef3800 nmethod 2890 0x0000000003be3610 code [0x0000000003be3760, 0x0000000003be3910]
Event: 46.307 Thread 0x0000000019eb8800 nmethod 2891 0x0000000003124b90 code [0x0000000003124d40, 0x0000000003125688]
Event: 46.307 Thread 0x0000000019eb8800 2892       4       java.lang.ref.ReferenceQueue::reallyPoll (65 bytes)
Event: 46.309 Thread 0x0000000019eb8800 nmethod 2892 0x000000000312fe50 code [0x000000000312ff80, 0x00000000031300b8]
Event: 46.313 Thread 0x0000000019ecf000 nmethod 2889 0x00000000031986d0 code [0x00000000031988a0, 0x00000000031997e0]

GC Heap History (10 events):
Event: 2.039 GC heap before
{Heap before GC invocations=4 (full 0):
 PSYoungGen      total 36352K, used 36349K [0x00000000d5580000, 0x00000000d9c80000, 0x0000000100000000)
  eden space 31232K, 100% used [0x00000000d5580000,0x00000000d7400000,0x00000000d7400000)
  from space 5120K, 99% used [0x00000000d7400000,0x00000000d78ff470,0x00000000d7900000)
  to   space 5120K, 0% used [0x00000000d9780000,0x00000000d9780000,0x00000000d9c80000)
 ParOldGen       total 83456K, used 597K [0x0000000080000000, 0x0000000085180000, 0x00000000d5580000)
  object space 83456K, 0% used [0x0000000080000000,0x00000000800954e8,0x0000000085180000)
 Metaspace       used 16445K, capacity 16586K, committed 16768K, reserved 1064960K
  class space    used 1799K, capacity 1867K, committed 1920K, reserved 1048576K
Event: 2.047 GC heap after
Heap after GC invocations=4 (full 0):
 PSYoungGen      total 67584K, used 5088K [0x00000000d5580000, 0x00000000d9c80000, 0x0000000100000000)
  eden space 62464K, 0% used [0x00000000d5580000,0x00000000d5580000,0x00000000d9280000)
  from space 5120K, 99% used [0x00000000d9780000,0x00000000d9c78220,0x00000000d9c80000)
  to   space 5120K, 0% used [0x00000000d9280000,0x00000000d9280000,0x00000000d9780000)
 ParOldGen       total 83456K, used 3463K [0x0000000080000000, 0x0000000085180000, 0x00000000d5580000)
  object space 83456K, 4% used [0x0000000080000000,0x0000000080361f20,0x0000000085180000)
 Metaspace       used 16445K, capacity 16586K, committed 16768K, reserved 1064960K
  class space    used 1799K, capacity 1867K, committed 1920K, reserved 1048576K
}
Event: 2.850 GC heap before
{Heap before GC invocations=5 (full 0):
 PSYoungGen      total 67584K, used 67552K [0x00000000d5580000, 0x00000000d9c80000, 0x0000000100000000)
  eden space 62464K, 100% used [0x00000000d5580000,0x00000000d9280000,0x00000000d9280000)
  from space 5120K, 99% used [0x00000000d9780000,0x00000000d9c78220,0x00000000d9c80000)
  to   space 5120K, 0% used [0x00000000d9280000,0x00000000d9280000,0x00000000d9780000)
 ParOldGen       total 83456K, used 3463K [0x0000000080000000, 0x0000000085180000, 0x00000000d5580000)
  object space 83456K, 4% used [0x0000000080000000,0x0000000080361f20,0x0000000085180000)
 Metaspace       used 20230K, capacity 20510K, committed 20864K, reserved 1067008K
  class space    used 2268K, capacity 2364K, committed 2432K, reserved 1048576K
Event: 2.867 GC heap after
Heap after GC invocations=5 (full 0):
 PSYoungGen      total 67584K, used 5088K [0x00000000d5580000, 0x00000000de480000, 0x0000000100000000)
  eden space 62464K, 0% used [0x00000000d5580000,0x00000000d5580000,0x00000000d9280000)
  from space 5120K, 99% used [0x00000000d9280000,0x00000000d9778220,0x00000000d9780000)
  to   space 10752K, 0% used [0x00000000dda00000,0x00000000dda00000,0x00000000de480000)
 ParOldGen       total 83456K, used 8651K [0x0000000080000000, 0x0000000085180000, 0x00000000d5580000)
  object space 83456K, 10% used [0x0000000080000000,0x0000000080872d98,0x0000000085180000)
 Metaspace       used 20230K, capacity 20510K, committed 20864K, reserved 1067008K
  class space    used 2268K, capacity 2364K, committed 2432K, reserved 1048576K
}
Event: 3.129 GC heap before
{Heap before GC invocations=6 (full 0):
 PSYoungGen      total 67584K, used 49549K [0x00000000d5580000, 0x00000000de480000, 0x0000000100000000)
  eden space 62464K, 71% used [0x00000000d5580000,0x00000000d80eb2c8,0x00000000d9280000)
  from space 5120K, 99% used [0x00000000d9280000,0x00000000d9778220,0x00000000d9780000)
  to   space 10752K, 0% used [0x00000000dda00000,0x00000000dda00000,0x00000000de480000)
 ParOldGen       total 83456K, used 8651K [0x0000000080000000, 0x0000000085180000, 0x00000000d5580000)
  object space 83456K, 10% used [0x0000000080000000,0x0000000080872d98,0x0000000085180000)
 Metaspace       used 20710K, capacity 21018K, committed 21296K, reserved 1069056K
  class space    used 2324K, capacity 2404K, committed 2432K, reserved 1048576K
Event: 3.141 GC heap after
Heap after GC invocations=6 (full 0):
 PSYoungGen      total 135168K, used 8712K [0x00000000d5580000, 0x00000000de580000, 0x0000000100000000)
  eden space 124416K, 0% used [0x00000000d5580000,0x00000000d5580000,0x00000000dcf00000)
  from space 10752K, 81% used [0x00000000dda00000,0x00000000de2822f0,0x00000000de480000)
  to   space 11264K, 0% used [0x00000000dcf00000,0x00000000dcf00000,0x00000000dda00000)
 ParOldGen       total 83456K, used 8659K [0x0000000080000000, 0x0000000085180000, 0x00000000d5580000)
  object space 83456K, 10% used [0x0000000080000000,0x0000000080874d98,0x0000000085180000)
 Metaspace       used 20710K, capacity 21018K, committed 21296K, reserved 1069056K
  class space    used 2324K, capacity 2404K, committed 2432K, reserved 1048576K
}
Event: 3.141 GC heap before
{Heap before GC invocations=7 (full 1):
 PSYoungGen      total 135168K, used 8712K [0x00000000d5580000, 0x00000000de580000, 0x0000000100000000)
  eden space 124416K, 0% used [0x00000000d5580000,0x00000000d5580000,0x00000000dcf00000)
  from space 10752K, 81% used [0x00000000dda00000,0x00000000de2822f0,0x00000000de480000)
  to   space 11264K, 0% used [0x00000000dcf00000,0x00000000dcf00000,0x00000000dda00000)
 ParOldGen       total 83456K, used 8659K [0x0000000080000000, 0x0000000085180000, 0x00000000d5580000)
  object space 83456K, 10% used [0x0000000080000000,0x0000000080874d98,0x0000000085180000)
 Metaspace       used 20710K, capacity 21018K, committed 21296K, reserved 1069056K
  class space    used 2324K, capacity 2404K, committed 2432K, reserved 1048576K
Event: 3.207 GC heap after
Heap after GC invocations=7 (full 1):
 PSYoungGen      total 135168K, used 0K [0x00000000d5580000, 0x00000000de580000, 0x0000000100000000)
  eden space 124416K, 0% used [0x00000000d5580000,0x00000000d5580000,0x00000000dcf00000)
  from space 10752K, 0% used [0x00000000dda00000,0x00000000dda00000,0x00000000de480000)
  to   space 11264K, 0% used [0x00000000dcf00000,0x00000000dcf00000,0x00000000dda00000)
 ParOldGen       total 65024K, used 13187K [0x0000000080000000, 0x0000000083f80000, 0x00000000d5580000)
  object space 65024K, 20% used [0x0000000080000000,0x0000000080ce0c18,0x0000000083f80000)
 Metaspace       used 20710K, capacity 21018K, committed 21296K, reserved 1069056K
  class space    used 2324K, capacity 2404K, committed 2432K, reserved 1048576K
}
Event: 46.258 GC heap before
{Heap before GC invocations=8 (full 1):
 PSYoungGen      total 135168K, used 124416K [0x00000000d5580000, 0x00000000de580000, 0x0000000100000000)
  eden space 124416K, 100% used [0x00000000d5580000,0x00000000dcf00000,0x00000000dcf00000)
  from space 10752K, 0% used [0x00000000dda00000,0x00000000dda00000,0x00000000de480000)
  to   space 11264K, 0% used [0x00000000dcf00000,0x00000000dcf00000,0x00000000dda00000)
 ParOldGen       total 65024K, used 13187K [0x0000000080000000, 0x0000000083f80000, 0x00000000d5580000)
  object space 65024K, 20% used [0x0000000080000000,0x0000000080ce0c18,0x0000000083f80000)
 Metaspace       used 29572K, capacity 30468K, committed 30592K, reserved 1075200K
  class space    used 3645K, capacity 3868K, committed 3968K, reserved 1048576K
Event: 46.296 GC heap after
Heap after GC invocations=8 (full 1):
 PSYoungGen      total 135680K, used 11237K [0x00000000d5580000, 0x00000000de580000, 0x0000000100000000)
  eden space 124416K, 0% used [0x00000000d5580000,0x00000000d5580000,0x00000000dcf00000)
  from space 11264K, 99% used [0x00000000dcf00000,0x00000000dd9f9660,0x00000000dda00000)
  to   space 10752K, 0% used [0x00000000dda00000,0x00000000dda00000,0x00000000de480000)
 ParOldGen       total 65024K, used 13605K [0x0000000080000000, 0x0000000083f80000, 0x00000000d5580000)
  object space 65024K, 20% used [0x0000000080000000,0x0000000080d49430,0x0000000083f80000)
 Metaspace       used 29572K, capacity 30468K, committed 30592K, reserved 1075200K
  class space    used 3645K, capacity 3868K, committed 3968K, reserved 1048576K
}

Deoptimization events (10 events):
Event: 30.144 Thread 0x0000000002f1f000 Uncommon trap: reason=unstable_if action=reinterpret pc=0x0000000003a05ae4 method=java.util.concurrent.ConcurrentHashMap.putVal(Ljava/lang/Object;Ljava/lang/Object;Z)Ljava/lang/Object; @ 206
Event: 30.235 Thread 0x0000000002f1f000 Uncommon trap: reason=unstable_if action=reinterpret pc=0x000000000335cdac method=sun.nio.cs.UTF_8$Decoder.decodeArrayLoop(Ljava/nio/ByteBuffer;Ljava/nio/CharBuffer;)Ljava/nio/charset/CoderResult; @ 84
Event: 30.754 Thread 0x0000000002f1f000 Uncommon trap: reason=bimorphic action=maybe_recompile pc=0x0000000003b06804 method=java.util.regex.Pattern$Curly.match(Ljava/util/regex/Matcher;ILjava/lang/CharSequence;)Z @ 19
Event: 30.759 Thread 0x0000000002f1f000 Uncommon trap: reason=bimorphic action=maybe_recompile pc=0x0000000003b06804 method=java.util.regex.Pattern$Curly.match(Ljava/util/regex/Matcher;ILjava/lang/CharSequence;)Z @ 19
Event: 30.763 Thread 0x0000000002f1f000 Uncommon trap: reason=bimorphic action=maybe_recompile pc=0x0000000003b06804 method=java.util.regex.Pattern$Curly.match(Ljava/util/regex/Matcher;ILjava/lang/CharSequence;)Z @ 19
Event: 30.767 Thread 0x0000000002f1f000 Uncommon trap: reason=bimorphic action=maybe_recompile pc=0x0000000003b06804 method=java.util.regex.Pattern$Curly.match(Ljava/util/regex/Matcher;ILjava/lang/CharSequence;)Z @ 19
Event: 46.053 Thread 0x0000000002f1f000 Uncommon trap: reason=null_check action=make_not_entrant pc=0x000000000384d900 method=org.codehaus.groovy.reflection.ClassInfo.getLocalClassInfoMap()Lorg/codehaus/groovy/reflection/ClassInfo$LocalMap; @ 6
Event: 46.135 Thread 0x0000000002f1f000 Uncommon trap: reason=null_check action=make_not_entrant pc=0x0000000003836134 method=org.codehaus.groovy.reflection.ClassInfo.getLocalClassInfoMap()Lorg/codehaus/groovy/reflection/ClassInfo$LocalMap; @ 6
Event: 46.183 Thread 0x0000000002f1f000 Uncommon trap: reason=unstable_if action=reinterpret pc=0x00000000038b3140 method=org.codehaus.groovy.runtime.metaclass.MetaMethodIndex.isNonRealMethod(Lgroovy/lang/MetaMethod;)Z @ 11
Event: 46.201 Thread 0x0000000002f1f000 Uncommon trap: reason=class_check action=maybe_recompile pc=0x00000000038e7f88 method=java.util.HashSet.contains(Ljava/lang/Object;)Z @ 5

Classes redefined (0 events):
No events

Internal exceptions (10 events):
Event: 46.165 Thread 0x0000000002f1f000 Exception <a 'java/lang/ClassNotFoundException': com/kms/katalon/core/appium/driver/SwipeableAndroidDriverCustomizer> (0x00000000dcb51a78) thrown at [C:\re\workspace\8-2-build-windows-amd64-cygwin\jdk8u181\11358\hotspot\src\share\vm\classfile\systemDictio
Event: 46.178 Thread 0x0000000002f1f000 Exception <a 'java/lang/ClassNotFoundException': org/openqa/selenium/remote/RemoteWebDriver$RemoteWebDriverOptionsBeanInfo> (0x00000000dcc14040) thrown at [C:\re\workspace\8-2-build-windows-amd64-cygwin\jdk8u181\11358\hotspot\src\share\vm\classfile\system
Event: 46.179 Thread 0x0000000002f1f000 Exception <a 'java/lang/ClassNotFoundException': org/openqa/selenium/remote/RemoteWebDriver$RemoteWebDriverOptionsCustomizer> (0x00000000dcc62338) thrown at [C:\re\workspace\8-2-build-windows-amd64-cygwin\jdk8u181\11358\hotspot\src\share\vm\classfile\syst
Event: 46.186 Thread 0x0000000002f1f000 Exception <a 'java/lang/ClassNotFoundException': java/util/concurrent/TimeUnitBeanInfo> (0x00000000dccb0668) thrown at [C:\re\workspace\8-2-build-windows-amd64-cygwin\jdk8u181\11358\hotspot\src\share\vm\classfile\systemDictionary.cpp, line 210]
Event: 46.188 Thread 0x0000000002f1f000 Exception <a 'java/lang/ClassNotFoundException': java/util/concurrent/TimeUnitCustomizer> (0x00000000dccd6c60) thrown at [C:\re\workspace\8-2-build-windows-amd64-cygwin\jdk8u181\11358\hotspot\src\share\vm\classfile\systemDictionary.cpp, line 210]
Event: 46.193 Thread 0x0000000002f1f000 Exception <a 'java/lang/ClassNotFoundException': org/openqa/selenium/remote/RemoteWebDriver$RemoteWebDriverOptions$RemoteTimeoutsBeanInfo> (0x00000000dcd562a8) thrown at [C:\re\workspace\8-2-build-windows-amd64-cygwin\jdk8u181\11358\hotspot\src\share\vm\c
Event: 46.196 Thread 0x0000000002f1f000 Exception <a 'java/lang/ClassNotFoundException': org/openqa/selenium/remote/RemoteWebDriver$RemoteWebDriverOptions$RemoteTimeoutsCustomizer> (0x00000000dcdaeed8) thrown at [C:\re\workspace\8-2-build-windows-amd64-cygwin\jdk8u181\11358\hotspot\src\share\vm
Event: 46.216 Thread 0x0000000002f1f000 Exception <a 'java/lang/ClassNotFoundException': org/openqa/selenium/remote/RemoteWebDriver$RemoteWebDriverOptions$RemoteWindowBeanInfo> (0x00000000dce7ef10) thrown at [C:\re\workspace\8-2-build-windows-amd64-cygwin\jdk8u181\11358\hotspot\src\share\vm\cla
Event: 46.217 Thread 0x0000000002f1f000 Exception <a 'java/lang/ClassNotFoundException': org/openqa/selenium/remote/RemoteWebDriver$RemoteWebDriverOptions$RemoteWindowCustomizer> (0x00000000dced62c8) thrown at [C:\re\workspace\8-2-build-windows-amd64-cygwin\jdk8u181\11358\hotspot\src\share\vm\c
Event: 46.301 Thread 0x0000000002f1f000 Exception <a 'java/net/SocketTimeoutException': Read timed out> (0x00000000d5593338) thrown at [C:\re\workspace\8-2-build-windows-amd64-cygwin\jdk8u181\11358\hotspot\src\share\vm\prims\jni.cpp, line 735]

Events (10 events):
Event: 46.301 Executing VM operation: RevokeBias
Event: 46.301 Executing VM operation: RevokeBias done
Event: 46.301 Executing VM operation: RevokeBias
Event: 46.301 Executing VM operation: RevokeBias done
Event: 46.301 Executing VM operation: RevokeBias
Event: 46.301 Executing VM operation: RevokeBias done
Event: 46.307 Thread 0x0000000019eb8800 flushing nmethod 0x00000000031b0890
Event: 46.307 Thread 0x0000000019eb8800 flushing nmethod 0x00000000031fc750
Event: 46.307 Thread 0x0000000019eb8800 flushing nmethod 0x0000000003214110
Event: 46.307 Thread 0x0000000019eb8800 flushing nmethod 0x00000000032214d0


Dynamic libraries:
0x00007ff79f670000 - 0x00007ff79f6a7000 	D:\katalon apps\Katalon_Studio_Windows_64-7.2.1\Katalon_Studio_Windows_64-7.2.1\jre\bin\javaw.exe
0x00007fff55260000 - 0x00007fff55450000 	C:\WINDOWS\SYSTEM32\ntdll.dll
0x00007fff546e0000 - 0x00007fff54792000 	C:\WINDOWS\System32\KERNEL32.DLL
0x00007fff52430000 - 0x00007fff526d3000 	C:\WINDOWS\System32\KERNELBASE.dll
0x00007fff547a0000 - 0x00007fff54843000 	C:\WINDOWS\System32\ADVAPI32.dll
0x00007fff53a70000 - 0x00007fff53b0e000 	C:\WINDOWS\System32\msvcrt.dll
0x00007fff53df0000 - 0x00007fff53e87000 	C:\WINDOWS\System32\sechost.dll
0x00007fff537f0000 - 0x00007fff53910000 	C:\WINDOWS\System32\RPCRT4.dll
0x00007fff53c50000 - 0x00007fff53de4000 	C:\WINDOWS\System32\USER32.dll
0x00007fff531e0000 - 0x00007fff53201000 	C:\WINDOWS\System32\win32u.dll
0x00007fff548e0000 - 0x00007fff54906000 	C:\WINDOWS\System32\GDI32.dll
0x00007fff527f0000 - 0x00007fff52984000 	C:\WINDOWS\System32\gdi32full.dll
0x00007fff52340000 - 0x00007fff523de000 	C:\WINDOWS\System32\msvcp_win.dll
0x00007fff53210000 - 0x00007fff5330a000 	C:\WINDOWS\System32\ucrtbase.dll
0x00007fff42300000 - 0x00007fff42585000 	C:\WINDOWS\WinSxS\amd64_microsoft.windows.common-controls_6595b64144ccf1df_6.0.18362.778_none_e6c6b761130d4fb8\COMCTL32.dll
0x00007fff54010000 - 0x00007fff54346000 	C:\WINDOWS\System32\combase.dll
0x00007fff53160000 - 0x00007fff531e0000 	C:\WINDOWS\System32\bcryptPrimitives.dll
0x00007fff53e90000 - 0x00007fff53ebe000 	C:\WINDOWS\System32\IMM32.DLL
0x0000000075170000 - 0x0000000075242000 	D:\katalon apps\Katalon_Studio_Windows_64-7.2.1\Katalon_Studio_Windows_64-7.2.1\jre\bin\msvcr100.dll
0x0000000075550000 - 0x0000000075df2000 	D:\katalon apps\Katalon_Studio_Windows_64-7.2.1\Katalon_Studio_Windows_64-7.2.1\jre\bin\server\jvm.dll
0x00007fff54910000 - 0x00007fff54918000 	C:\WINDOWS\System32\PSAPI.DLL
0x00007fff4fce0000 - 0x00007fff4fd04000 	C:\WINDOWS\SYSTEM32\WINMM.dll
0x00007fff49290000 - 0x00007fff4929a000 	C:\WINDOWS\SYSTEM32\VERSION.dll
0x00007fff45aa0000 - 0x00007fff45aa9000 	C:\WINDOWS\SYSTEM32\WSOCK32.dll
0x00007fff54850000 - 0x00007fff548bf000 	C:\WINDOWS\System32\WS2_32.dll
0x00007fff4fcb0000 - 0x00007fff4fcdd000 	C:\WINDOWS\SYSTEM32\WINMMBASE.dll
0x00007fff523e0000 - 0x00007fff5242a000 	C:\WINDOWS\System32\cfgmgr32.dll
0x0000000075540000 - 0x000000007554f000 	D:\katalon apps\Katalon_Studio_Windows_64-7.2.1\Katalon_Studio_Windows_64-7.2.1\jre\bin\verify.dll
0x0000000075510000 - 0x0000000075539000 	D:\katalon apps\Katalon_Studio_Windows_64-7.2.1\Katalon_Studio_Windows_64-7.2.1\jre\bin\java.dll
0x00000000752f0000 - 0x0000000075306000 	D:\katalon apps\Katalon_Studio_Windows_64-7.2.1\Katalon_Studio_Windows_64-7.2.1\jre\bin\zip.dll
0x00007fff54920000 - 0x00007fff55005000 	C:\WINDOWS\System32\SHELL32.dll
0x00007fff54540000 - 0x00007fff545e9000 	C:\WINDOWS\System32\shcore.dll
0x00007fff52990000 - 0x00007fff53110000 	C:\WINDOWS\System32\windows.storage.dll
0x00007fff521c0000 - 0x00007fff521e3000 	C:\WINDOWS\System32\profapi.dll
0x00007fff52170000 - 0x00007fff521ba000 	C:\WINDOWS\System32\powrprof.dll
0x00007fff52120000 - 0x00007fff52130000 	C:\WINDOWS\System32\UMPDC.dll
0x00007fff53310000 - 0x00007fff53362000 	C:\WINDOWS\System32\shlwapi.dll
0x00007fff52130000 - 0x00007fff52141000 	C:\WINDOWS\System32\kernel.appcore.dll
0x00007fff53140000 - 0x00007fff53157000 	C:\WINDOWS\System32\cryptsp.dll
0x00000000752d0000 - 0x00000000752ea000 	D:\katalon apps\Katalon_Studio_Windows_64-7.2.1\Katalon_Studio_Windows_64-7.2.1\jre\bin\net.dll
0x00007fff51930000 - 0x00007fff51997000 	C:\WINDOWS\system32\mswsock.dll
0x00000000752b0000 - 0x00000000752c1000 	D:\katalon apps\Katalon_Studio_Windows_64-7.2.1\Katalon_Studio_Windows_64-7.2.1\jre\bin\nio.dll
0x00007fff514a0000 - 0x00007fff514d3000 	C:\WINDOWS\system32\rsaenh.dll
0x00007fff53110000 - 0x00007fff53136000 	C:\WINDOWS\System32\bcrypt.dll
0x00007fff52040000 - 0x00007fff52065000 	C:\WINDOWS\SYSTEM32\USERENV.dll
0x00007fff51b00000 - 0x00007fff51b0c000 	C:\WINDOWS\SYSTEM32\CRYPTBASE.dll
0x00007fff51640000 - 0x00007fff5167a000 	C:\WINDOWS\SYSTEM32\IPHLPAPI.DLL
0x00007fff54460000 - 0x00007fff54468000 	C:\WINDOWS\System32\NSI.dll
0x00007fff460e0000 - 0x00007fff460f6000 	C:\WINDOWS\SYSTEM32\dhcpcsvc6.DLL
0x00007fff464d0000 - 0x00007fff464ec000 	C:\WINDOWS\SYSTEM32\dhcpcsvc.DLL
0x00007fff51680000 - 0x00007fff5174a000 	C:\WINDOWS\SYSTEM32\DNSAPI.dll
0x0000000075270000 - 0x0000000075294000 	D:\katalon apps\Katalon_Studio_Windows_64-7.2.1\Katalon_Studio_Windows_64-7.2.1\jre\bin\sunec.dll
0x0000000075260000 - 0x000000007526b000 	D:\katalon apps\Katalon_Studio_Windows_64-7.2.1\Katalon_Studio_Windows_64-7.2.1\jre\bin\sunmscapi.dll
0x00007fff521f0000 - 0x00007fff52339000 	C:\WINDOWS\System32\CRYPT32.dll
0x00007fff52150000 - 0x00007fff52162000 	C:\WINDOWS\System32\MSASN1.dll
0x00007fff2da50000 - 0x00007fff2da66000 	C:\WINDOWS\system32\napinsp.dll
0x00007fff2da30000 - 0x00007fff2da4a000 	C:\WINDOWS\system32\pnrpnsp.dll
0x00007fff4d970000 - 0x00007fff4d985000 	C:\WINDOWS\system32\wshbth.dll
0x00007fff4e460000 - 0x00007fff4e47c000 	C:\WINDOWS\system32\NLAapi.dll
0x00007fff2ea50000 - 0x00007fff2ea5e000 	C:\WINDOWS\System32\winrnr.dll
0x0000000076580000 - 0x00000000765a6000 	C:\Program Files\Bonjour\mdnsNSP.dll
0x00007fff4a340000 - 0x00007fff4a34a000 	C:\Windows\System32\rasadhlp.dll
0x00007fff458f0000 - 0x00007fff45967000 	C:\WINDOWS\System32\fwpuclnt.dll

VM Arguments:
jvm_args: -Dgroovy.home=/D:/katalon apps/Katalon_Studio_Windows_64-7.2.1/Katalon_Studio_Windows_64-7.2.1/plugins/org.codehaus.groovy_2.4.7.xx-201611170128-e46/ -Xmx2048m -Dfile.encoding=UTF-8 
java_command: org.codehaus.groovy.tools.GroovyStarter --classpath E:\rar\sehatQ\sehatQ\Include\scripts\groovy;E:\rar\sehatQ\sehatQ\Keywords;E:\rar\sehatQ\sehatQ\Libs;E:\rar\sehatQ\sehatQ\Test Listeners;D:\katalon apps\Katalon_Studio_Windows_64-7.2.1\Katalon_Studio_Windows_64-7.2.1\configuration\resources\lib\aalto-xml-1.0.0.jar;D:\katalon apps\Katalon_Studio_Windows_64-7.2.1\Katalon_Studio_Windows_64-7.2.1\configuration\resources\lib\aspectjweaver-1.9.1.jar;D:\katalon apps\Katalon_Studio_Windows_64-7.2.1\Katalon_Studio_Windows_64-7.2.1\configuration\resources\lib\bcpkix-jdk15on-1.58.jar;D:\katalon apps\Katalon_Studio_Windows_64-7.2.1\Katalon_Studio_Windows_64-7.2.1\configuration\resources\lib\bcprov-jdk15on-1.58.jar;D:\katalon apps\Katalon_Studio_Windows_64-7.2.1\Katalon_Studio_Windows_64-7.2.1\configuration\resources\lib\browsermob-core-2.1.5.jar;D:\katalon apps\Katalon_Studio_Windows_64-7.2.1\Katalon_Studio_Windows_64-7.2.1\configuration\resources\lib\cglib-3.2.10.jar;D:\katalon apps\Katalon_Studio_Windows_64-7.2.1\Katalon_Studio_Windows_64-7.2.1\configuration\resources\lib\commons-codec-1.10.jar;D:\katalon apps\Katalon_Studio_Windows_64-7.2.1\Katalon_Studio_Windows_64-7.2.1\configuration\resources\lib\commons-collections4-4.1.jar;D:\katalon apps\Katalon_Studio_Windows_64-7.2.1\Katalon_Studio_Windows_64-7.2.1\configuration\resources\lib\commons-validator-1.6.jar;D:\katalon apps\Katalon_Studio_Windows_64-7.2.1\Katalon_Studio_Windows_64-7.2.1\configuration\resources\lib\curvesapi-1.04.jar;D:\katalon apps\Katalon_Studio_Windows_64-7.2.1\Katalon_Studio_Windows_64-7.2.1\configuration\resources\lib\dnsjava-2.1.8.jar;D:\katalon apps\Katalon_Studio_Windows_64-7.2.1\Katalon_Studio_Windows_64-7.2.1\configuration\resources\lib\java-client-7.0.0.jar;D:\katalon apps\Katalon_Studio_Windows_64-7.2.1\Katalon_Studio_Windows_64-7.2.1\configuration\resources\lib\jna-4.1.0.jar;D:\katalon apps\Katalon_Studio_Windows_64-7.2.1\Katalon_Studio_Windows_64-7.2.1\configuration\resources\li
java_class_path (initial): E:\rar\sehatQ\sehatQ\bin\keyword;E:\rar\sehatQ\sehatQ\bin\listener;E:\rar\sehatQ\sehatQ\bin\lib;E:\rar\sehatQ\sehatQ\bin\groovy;E:\rar\sehatQ\sehatQ\bin;D:\katalon apps\Katalon_Studio_Windows_64-7.2.1\Katalon_Studio_Windows_64-7.2.1\plugins\com.kms.katalon.core_1.0.0.201912180934.jar;D:\katalon apps\Katalon_Studio_Windows_64-7.2.1\Katalon_Studio_Windows_64-7.2.1\configuration\resources\lib\aalto-xml-1.0.0.jar;D:\katalon apps\Katalon_Studio_Windows_64-7.2.1\Katalon_Studio_Windows_64-7.2.1\configuration\resources\lib\aspectjweaver-1.9.1.jar;D:\katalon apps\Katalon_Studio_Windows_64-7.2.1\Katalon_Studio_Windows_64-7.2.1\configuration\resources\lib\bcpkix-jdk15on-1.58.jar;D:\katalon apps\Katalon_Studio_Windows_64-7.2.1\Katalon_Studio_Windows_64-7.2.1\configuration\resources\lib\bcprov-jdk15on-1.58.jar;D:\katalon apps\Katalon_Studio_Windows_64-7.2.1\Katalon_Studio_Windows_64-7.2.1\configuration\resources\lib\browsermob-core-2.1.5.jar;D:\katalon apps\Katalon_Studio_Windows_64-7.2.1\Katalon_Studio_Windows_64-7.2.1\configuration\resources\lib\cglib-3.2.10.jar;D:\katalon apps\Katalon_Studio_Windows_64-7.2.1\Katalon_Studio_Windows_64-7.2.1\configuration\resources\lib\commons-codec-1.10.jar;D:\katalon apps\Katalon_Studio_Windows_64-7.2.1\Katalon_Studio_Windows_64-7.2.1\configuration\resources\lib\commons-collections4-4.1.jar;D:\katalon apps\Katalon_Studio_Windows_64-7.2.1\Katalon_Studio_Windows_64-7.2.1\configuration\resources\lib\commons-validator-1.6.jar;D:\katalon apps\Katalon_Studio_Windows_64-7.2.1\Katalon_Studio_Windows_64-7.2.1\configuration\resources\lib\curvesapi-1.04.jar;D:\katalon apps\Katalon_Studio_Windows_64-7.2.1\Katalon_Studio_Windows_64-7.2.1\configuration\resources\lib\dnsjava-2.1.8.jar;D:\katalon apps\Katalon_Studio_Windows_64-7.2.1\Katalon_Studio_Windows_64-7.2.1\configuration\resources\lib\java-client-7.0.0.jar;D:\katalon apps\Katalon_Studio_Windows_64-7.2.1\Katalon_Studio_Windows_64-7.2.1\configuration\resources\lib\jna-4.1.0.
Launcher Type: SUN_STANDARD

Environment Variables:
JAVA_HOME=D:\katalon apps\Katalon_Studio_Windows_64-7.2.1\Katalon_Studio_Windows_64-7.2.1\jre
PATH=D:/katalon apps/Katalon_Studio_Windows_64-7.2.1/Katalon_Studio_Windows_64-7.2.1/jre/bin/server;D:/katalon apps/Katalon_Studio_Windows_64-7.2.1/Katalon_Studio_Windows_64-7.2.1/jre/bin;D:/katalon apps/Katalon_Studio_Windows_64-7.2.1/Katalon_Studio_Windows_64-7.2.1/jre/lib/amd64;C:\Program Files (x86)\Common Files\Oracle\Java\javapath;C:\WINDOWS\system32;C:\WINDOWS;C:\WINDOWS\System32\Wbem;C:\WINDOWS\System32\WindowsPowerShell\v1.0\;C:\WINDOWS\System32\OpenSSH\;C:\Program Files\Java\jdk-12.0.2\bin;C:\Program Files (x86)\GitExtensions\;C:\Program Files\Git\cmd;C:\Program Files\nodejs\;C:\Users\faris\.windows-build-tools\python27\;C:\Users\faris\AppData\Local\Microsoft\WindowsApps;C:\Users\faris\AppData\Roaming\npm;C:\Users\faris\AppData\Local\GitHubDesktop\bin;C:\Users\faris\AppData\Local\Programs\Microsoft VS Code\bin;D:\katalon apps\Katalon_Studio_Windows_64-7.2.1\Katalon_Studio_Windows_64-7.2.1;:D:\katalon apps\Katalon_Studio_Windows_64-7.2.1\Katalon_Studio_Windows_64-7.2.1\jre\bin
USERNAME=faris
OS=Windows_NT
PROCESSOR_IDENTIFIER=AMD64 Family 23 Model 17 Stepping 0, AuthenticAMD



---------------  S Y S T E M  ---------------

OS: Windows 10.0 , 64 bit Build 18362 (10.0.18362.778)

CPU:total 8 (initial active 8) (8 cores per cpu, 1 threads per core) family 23 model 17 stepping 0, cmov, cx8, fxsr, mmx, sse, sse2, sse3, ssse3, sse4.1, sse4.2, popcnt, avx, avx2, aes, clmul, mmxext, 3dnowpref, lzcnt, sse4a, tsc, tscinvbit, tscinv, bmi1

Memory: 4k page, physical 7920208k(352124k free), swap 20695756k(4292k free)

vm_info: Java HotSpot(TM) 64-Bit Server VM (25.181-b13) for windows-amd64 JRE (1.8.0_181-b13), built on Jul  7 2018 04:01:33 by "java_re" with MS VC++ 10.0 (VS2010)

time: Wed May 13 05:02:28 2020
elapsed time: 46 seconds (0d 0h 0m 46s)

