#
# There is insufficient memory for the Java Runtime Environment to continue.
# Native memory allocation (malloc) failed to allocate 841216 bytes for Chunk::new
# Possible reasons:
#   The system is out of physical RAM or swap space
#   In 32 bit mode, the process size limit was hit
# Possible solutions:
#   Reduce memory load on the system
#   Increase physical memory or swap space
#   Check if swap backing store is full
#   Use 64 bit Java on a 64 bit OS
#   Decrease Java heap size (-Xmx/-Xms)
#   Decrease number of Java threads
#   Decrease Java thread stack sizes (-Xss)
#   Set larger code cache with -XX:ReservedCodeCacheSize=
# This output file may be truncated or incomplete.
#
#  Out of Memory Error (allocation.cpp:390), pid=17108, tid=0x0000000000002a9c
#
# JRE version: Java(TM) SE Runtime Environment (8.0_181-b13) (build 1.8.0_181-b13)
# Java VM: Java HotSpot(TM) 64-Bit Server VM (25.181-b13 mixed mode windows-amd64 compressed oops)
# Failed to write core dump. Minidumps are not enabled by default on client versions of Windows
#

---------------  T H R E A D  ---------------

Current thread (0x000000001970f000):  JavaThread "C2 CompilerThread1" daemon [_thread_in_native, id=10908, stack(0x000000001a0d0000,0x000000001a1d0000)]

Stack: [0x000000001a0d0000,0x000000001a1d0000]
[error occurred during error reporting (printing stack bounds), id 0xc0000005]

Native frames: (J=compiled Java code, j=interpreted, Vv=VM code, C=native code)


Current CompileTask:
C2:   3339 1938       4       org.codehaus.groovy.runtime.metaclass.MetaMethodIndex::addMethodToList (284 bytes)


---------------  P R O C E S S  ---------------

Java Threads: ( => current thread )
  0x00000000197b6800 JavaThread "Service Thread" daemon [_thread_blocked, id=5192, stack(0x000000001a3d0000,0x000000001a4d0000)]
  0x0000000019740800 JavaThread "C1 CompilerThread3" daemon [_thread_blocked, id=18660, stack(0x000000001a2d0000,0x000000001a3d0000)]
  0x0000000019715800 JavaThread "C2 CompilerThread2" daemon [_thread_in_native, id=1472, stack(0x000000001a1d0000,0x000000001a2d0000)]
=>0x000000001970f000 JavaThread "C2 CompilerThread1" daemon [_thread_in_native, id=10908, stack(0x000000001a0d0000,0x000000001a1d0000)]
  0x000000001970a000 JavaThread "C2 CompilerThread0" daemon [_thread_in_native, id=27148, stack(0x0000000019fd0000,0x000000001a0d0000)]
  0x0000000019708800 JavaThread "Attach Listener" daemon [_thread_blocked, id=8988, stack(0x0000000019ed0000,0x0000000019fd0000)]
  0x0000000019707800 JavaThread "Signal Dispatcher" daemon [_thread_blocked, id=15980, stack(0x0000000019dd0000,0x0000000019ed0000)]
  0x000000001790a800 JavaThread "Finalizer" daemon [_thread_blocked, id=1568, stack(0x0000000019bd0000,0x0000000019cd0000)]
  0x00000000196f0800 JavaThread "Reference Handler" daemon [_thread_blocked, id=26328, stack(0x0000000019ad0000,0x0000000019bd0000)]
  0x000000000279f000 JavaThread "main" [_thread_in_Java, id=26284, stack(0x0000000002690000,0x0000000002790000)]

Other Threads:
  0x00000000178fb000 VMThread [stack: 0x00000000195d0000,0x00000000196d0000] [id=16196]
  0x00000000197e9000 WatcherThread [stack: 0x000000001a4d0000,0x000000001a5d0000] [id=21804]

VM state:not at safepoint (normal execution)

VM Mutex/Monitor currently owned by a thread: None

Heap:
 PSYoungGen      total 135168K, used 14779K [0x00000000d5580000, 0x00000000de580000, 0x0000000100000000)
  eden space 124416K, 11% used [0x00000000d5580000,0x00000000d63eefb0,0x00000000dcf00000)
  from space 10752K, 0% used [0x00000000dda00000,0x00000000dda00000,0x00000000de480000)
  to   space 11264K, 0% used [0x00000000dcf00000,0x00000000dcf00000,0x00000000dda00000)
 ParOldGen       total 66560K, used 13311K [0x0000000080000000, 0x0000000084100000, 0x00000000d5580000)
  object space 66560K, 19% used [0x0000000080000000,0x0000000080cffed8,0x0000000084100000)
 Metaspace       used 21370K, capacity 21610K, committed 21760K, reserved 1069056K
  class space    used 2448K, capacity 2535K, committed 2560K, reserved 1048576K

Card table byte_map: [0x0000000011c50000,0x0000000012060000] byte_map_base: 0x0000000011850000

Marking Bits: (ParMarkBitMap*) 0x0000000075d72d00
 Begin Bits: [0x0000000012b10000, 0x0000000014b10000)
 End Bits:   [0x0000000014b10000, 0x0000000016b10000)

Polling page: 0x00000000003f0000

CodeCache: size=245760Kb used=8535Kb max_used=8542Kb free=237224Kb
 bounds [0x0000000002890000, 0x00000000030f0000, 0x0000000011890000]
 total_blobs=2593 nmethods=1961 adapters=544
 compilation: enabled

Compilation events (10 events):
Event: 3.324 Thread 0x000000001970a000 1949       4       sun.reflect.generics.repository.GenericDeclRepository::getTypeParameters (80 bytes)
Event: 3.327 Thread 0x0000000019740800 1961       3       java.util.Arrays$ArrayList::toArray (11 bytes)
Event: 3.327 Thread 0x0000000019740800 nmethod 1961 0x00000000030e4c90 code [0x00000000030e4e00, 0x00000000030e5108]
Event: 3.331 Thread 0x000000001970a000 nmethod 1949 0x00000000030eb290 code [0x00000000030eb400, 0x00000000030eb7f8]
Event: 3.331 Thread 0x000000001970a000 1957       4       java.lang.reflect.Method::getParameterTypes (11 bytes)
Event: 3.332 Thread 0x0000000019740800 1962       1       java.beans.GenericBeanInfo::getEventSetDescriptors (5 bytes)
Event: 3.333 Thread 0x0000000019740800 nmethod 1962 0x00000000030e8810 code [0x00000000030e8960, 0x00000000030e8a70]
Event: 3.333 Thread 0x0000000019740800 1963       1       java.beans.GenericBeanInfo::getPropertyDescriptors (5 bytes)
Event: 3.333 Thread 0x000000001970a000 nmethod 1957 0x00000000030e6c90 code [0x00000000030e6de0, 0x00000000030e6f18]
Event: 3.333 Thread 0x0000000019740800 nmethod 1963 0x00000000030e9d10 code [0x00000000030e9e60, 0x00000000030e9f70]

GC Heap History (10 events):
Event: 1.411 GC heap before
{Heap before GC invocations=3 (full 0):
 PSYoungGen      total 36352K, used 36334K [0x00000000d5580000, 0x00000000d7e00000, 0x0000000100000000)
  eden space 31232K, 100% used [0x00000000d5580000,0x00000000d7400000,0x00000000d7400000)
  from space 5120K, 99% used [0x00000000d7900000,0x00000000d7dfba80,0x00000000d7e00000)
  to   space 5120K, 0% used [0x00000000d7400000,0x00000000d7400000,0x00000000d7900000)
 ParOldGen       total 83456K, used 189K [0x0000000080000000, 0x0000000085180000, 0x00000000d5580000)
  object space 83456K, 0% used [0x0000000080000000,0x000000008002f528,0x0000000085180000)
 Metaspace       used 11861K, capacity 11944K, committed 12032K, reserved 1060864K
  class space    used 1254K, capacity 1274K, committed 1280K, reserved 1048576K
Event: 1.415 GC heap after
Heap after GC invocations=3 (full 0):
 PSYoungGen      total 36352K, used 5099K [0x00000000d5580000, 0x00000000d9c80000, 0x0000000100000000)
  eden space 31232K, 0% used [0x00000000d5580000,0x00000000d5580000,0x00000000d7400000)
  from space 5120K, 99% used [0x00000000d7400000,0x00000000d78fadc0,0x00000000d7900000)
  to   space 5120K, 0% used [0x00000000d9780000,0x00000000d9780000,0x00000000d9c80000)
 ParOldGen       total 83456K, used 646K [0x0000000080000000, 0x0000000085180000, 0x00000000d5580000)
  object space 83456K, 0% used [0x0000000080000000,0x00000000800a1a20,0x0000000085180000)
 Metaspace       used 11861K, capacity 11944K, committed 12032K, reserved 1060864K
  class space    used 1254K, capacity 1274K, committed 1280K, reserved 1048576K
}
Event: 1.867 GC heap before
{Heap before GC invocations=4 (full 0):
 PSYoungGen      total 36352K, used 36331K [0x00000000d5580000, 0x00000000d9c80000, 0x0000000100000000)
  eden space 31232K, 100% used [0x00000000d5580000,0x00000000d7400000,0x00000000d7400000)
  from space 5120K, 99% used [0x00000000d7400000,0x00000000d78fadc0,0x00000000d7900000)
  to   space 5120K, 0% used [0x00000000d9780000,0x00000000d9780000,0x00000000d9c80000)
 ParOldGen       total 83456K, used 646K [0x0000000080000000, 0x0000000085180000, 0x00000000d5580000)
  object space 83456K, 0% used [0x0000000080000000,0x00000000800a1a20,0x0000000085180000)
 Metaspace       used 16443K, capacity 16590K, committed 16768K, reserved 1064960K
  class space    used 1798K, capacity 1867K, committed 1920K, reserved 1048576K
Event: 1.876 GC heap after
Heap after GC invocations=4 (full 0):
 PSYoungGen      total 67584K, used 5110K [0x00000000d5580000, 0x00000000d9c80000, 0x0000000100000000)
  eden space 62464K, 0% used [0x00000000d5580000,0x00000000d5580000,0x00000000d9280000)
  from space 5120K, 99% used [0x00000000d9780000,0x00000000d9c7d940,0x00000000d9c80000)
  to   space 5120K, 0% used [0x00000000d9280000,0x00000000d9280000,0x00000000d9780000)
 ParOldGen       total 83456K, used 3514K [0x0000000080000000, 0x0000000085180000, 0x00000000d5580000)
  object space 83456K, 4% used [0x0000000080000000,0x000000008036e8e0,0x0000000085180000)
 Metaspace       used 16443K, capacity 16590K, committed 16768K, reserved 1064960K
  class space    used 1798K, capacity 1867K, committed 1920K, reserved 1048576K
}
Event: 2.598 GC heap before
{Heap before GC invocations=5 (full 0):
 PSYoungGen      total 67584K, used 67574K [0x00000000d5580000, 0x00000000d9c80000, 0x0000000100000000)
  eden space 62464K, 100% used [0x00000000d5580000,0x00000000d9280000,0x00000000d9280000)
  from space 5120K, 99% used [0x00000000d9780000,0x00000000d9c7d940,0x00000000d9c80000)
  to   space 5120K, 0% used [0x00000000d9280000,0x00000000d9280000,0x00000000d9780000)
 ParOldGen       total 83456K, used 3514K [0x0000000080000000, 0x0000000085180000, 0x00000000d5580000)
  object space 83456K, 4% used [0x0000000080000000,0x000000008036e8e0,0x0000000085180000)
 Metaspace       used 20250K, capacity 20450K, committed 20864K, reserved 1067008K
  class space    used 2268K, capacity 2364K, committed 2432K, reserved 1048576K
Event: 2.610 GC heap after
Heap after GC invocations=5 (full 0):
 PSYoungGen      total 67584K, used 5110K [0x00000000d5580000, 0x00000000de480000, 0x0000000100000000)
  eden space 62464K, 0% used [0x00000000d5580000,0x00000000d5580000,0x00000000d9280000)
  from space 5120K, 99% used [0x00000000d9280000,0x00000000d977d950,0x00000000d9780000)
  to   space 10752K, 0% used [0x00000000dda00000,0x00000000dda00000,0x00000000de480000)
 ParOldGen       total 83456K, used 8718K [0x0000000080000000, 0x0000000085180000, 0x00000000d5580000)
  object space 83456K, 10% used [0x0000000080000000,0x0000000080883890,0x0000000085180000)
 Metaspace       used 20250K, capacity 20450K, committed 20864K, reserved 1067008K
  class space    used 2268K, capacity 2364K, committed 2432K, reserved 1048576K
}
Event: 2.975 GC heap before
{Heap before GC invocations=6 (full 0):
 PSYoungGen      total 67584K, used 50775K [0x00000000d5580000, 0x00000000de480000, 0x0000000100000000)
  eden space 62464K, 73% used [0x00000000d5580000,0x00000000d8218538,0x00000000d9280000)
  from space 5120K, 99% used [0x00000000d9280000,0x00000000d977d950,0x00000000d9780000)
  to   space 10752K, 0% used [0x00000000dda00000,0x00000000dda00000,0x00000000de480000)
 ParOldGen       total 83456K, used 8718K [0x0000000080000000, 0x0000000085180000, 0x00000000d5580000)
  object space 83456K, 10% used [0x0000000080000000,0x0000000080883890,0x0000000085180000)
 Metaspace       used 20781K, capacity 20990K, committed 21248K, reserved 1069056K
  class space    used 2339K, capacity 2436K, committed 2560K, reserved 1048576K
Event: 2.991 GC heap after
Heap after GC invocations=6 (full 0):
 PSYoungGen      total 135168K, used 8862K [0x00000000d5580000, 0x00000000de580000, 0x0000000100000000)
  eden space 124416K, 0% used [0x00000000d5580000,0x00000000d5580000,0x00000000dcf00000)
  from space 10752K, 82% used [0x00000000dda00000,0x00000000de2a7a20,0x00000000de480000)
  to   space 11264K, 0% used [0x00000000dcf00000,0x00000000dcf00000,0x00000000dda00000)
 ParOldGen       total 83456K, used 8718K [0x0000000080000000, 0x0000000085180000, 0x00000000d5580000)
  object space 83456K, 10% used [0x0000000080000000,0x0000000080883890,0x0000000085180000)
 Metaspace       used 20781K, capacity 20990K, committed 21248K, reserved 1069056K
  class space    used 2339K, capacity 2436K, committed 2560K, reserved 1048576K
}
Event: 2.991 GC heap before
{Heap before GC invocations=7 (full 1):
 PSYoungGen      total 135168K, used 8862K [0x00000000d5580000, 0x00000000de580000, 0x0000000100000000)
  eden space 124416K, 0% used [0x00000000d5580000,0x00000000d5580000,0x00000000dcf00000)
  from space 10752K, 82% used [0x00000000dda00000,0x00000000de2a7a20,0x00000000de480000)
  to   space 11264K, 0% used [0x00000000dcf00000,0x00000000dcf00000,0x00000000dda00000)
 ParOldGen       total 83456K, used 8718K [0x0000000080000000, 0x0000000085180000, 0x00000000d5580000)
  object space 83456K, 10% used [0x0000000080000000,0x0000000080883890,0x0000000085180000)
 Metaspace       used 20781K, capacity 20990K, committed 21248K, reserved 1069056K
  class space    used 2339K, capacity 2436K, committed 2560K, reserved 1048576K
Event: 3.063 GC heap after
Heap after GC invocations=7 (full 1):
 PSYoungGen      total 135168K, used 0K [0x00000000d5580000, 0x00000000de580000, 0x0000000100000000)
  eden space 124416K, 0% used [0x00000000d5580000,0x00000000d5580000,0x00000000dcf00000)
  from space 10752K, 0% used [0x00000000dda00000,0x00000000dda00000,0x00000000de480000)
  to   space 11264K, 0% used [0x00000000dcf00000,0x00000000dcf00000,0x00000000dda00000)
 ParOldGen       total 66560K, used 13311K [0x0000000080000000, 0x0000000084100000, 0x00000000d5580000)
  object space 66560K, 19% used [0x0000000080000000,0x0000000080cffed8,0x0000000084100000)
 Metaspace       used 20781K, capacity 20990K, committed 21248K, reserved 1069056K
  class space    used 2339K, capacity 2436K, committed 2560K, reserved 1048576K
}

Deoptimization events (10 events):
Event: 2.109 Thread 0x000000000279f000 Uncommon trap: reason=unstable_if action=reinterpret pc=0x0000000002afedac method=java.io.WinNTFileSystem.normalize(Ljava/lang/String;II)Ljava/lang/String; @ 8
Event: 2.190 Thread 0x000000000279f000 Uncommon trap: reason=predicate action=maybe_recompile pc=0x0000000002e7c6a8 method=java.lang.String.regionMatches(ZILjava/lang/String;II)Z @ 63
Event: 2.329 Thread 0x000000000279f000 Uncommon trap: reason=unstable_if action=reinterpret pc=0x0000000002e1e540 method=java.lang.Class$MethodArray.addIfNotPresent(Ljava/lang/reflect/Method;)V @ 19
Event: 2.502 Thread 0x000000000279f000 Uncommon trap: reason=unstable_if action=reinterpret pc=0x0000000002aa5970 method=java.io.WinNTFileSystem.isLetter(C)Z @ 3
Event: 2.502 Thread 0x000000000279f000 Uncommon trap: reason=unstable_if action=reinterpret pc=0x0000000002eadeac method=java.io.WinNTFileSystem.isLetter(C)Z @ 3
Event: 2.749 Thread 0x000000000279f000 Uncommon trap: reason=class_check action=maybe_recompile pc=0x0000000002e97f94 method=sun.misc.URLClassPath.getLoader(I)Lsun/misc/URLClassPath$Loader; @ 94
Event: 3.208 Thread 0x000000000279f000 Uncommon trap: reason=null_check action=make_not_entrant pc=0x0000000002fc3128 method=org.codehaus.groovy.reflection.ClassInfo.getLocalClassInfoMap()Lorg/codehaus/groovy/reflection/ClassInfo$LocalMap; @ 6
Event: 3.209 Thread 0x000000000279f000 Uncommon trap: reason=null_check action=make_not_entrant pc=0x0000000002fefe48 method=org.codehaus.groovy.reflection.ClassInfo.getLocalClassInfoMap()Lorg/codehaus/groovy/reflection/ClassInfo$LocalMap; @ 6
Event: 3.300 Thread 0x000000000279f000 Uncommon trap: reason=null_check action=make_not_entrant pc=0x0000000003027de4 method=org.codehaus.groovy.reflection.ClassInfo.getLocalClassInfoMap()Lorg/codehaus/groovy/reflection/ClassInfo$LocalMap; @ 6
Event: 3.300 Thread 0x000000000279f000 Uncommon trap: reason=null_check action=make_not_entrant pc=0x0000000002fa6e84 method=org.codehaus.groovy.reflection.ClassInfo.getLocalClassInfoMap()Lorg/codehaus/groovy/reflection/ClassInfo$LocalMap; @ 6

Classes redefined (0 events):
No events

Internal exceptions (10 events):
Event: 3.286 Thread 0x000000000279f000 Exception <a 'java/lang/ClassNotFoundException': com/kms/katalon/core/keyword/internal/AbstractKeywordCustomizer> (0x00000000d6005fc8) thrown at [C:\re\workspace\8-2-build-windows-amd64-cygwin\jdk8u181\11358\hotspot\src\share\vm\classfile\systemDictionary
Event: 3.293 Thread 0x000000000279f000 Exception <a 'java/lang/ClassNotFoundException': com/kms/katalon/core/mobile/keyword/internal/MobileAbstractKeywordCustomizer> (0x00000000d6059a88) thrown at [C:\re\workspace\8-2-build-windows-amd64-cygwin\jdk8u181\11358\hotspot\src\share\vm\classfile\sys
Event: 3.296 Thread 0x000000000279f000 Exception <a 'java/lang/ClassNotFoundException': com/kms/katalon/core/mobile/keyword/builtin/StartExistingApplicationKeywordCustomizer> (0x00000000d60b1e88) thrown at [C:\re\workspace\8-2-build-windows-amd64-cygwin\jdk8u181\11358\hotspot\src\share\vm\clas
Event: 3.300 Thread 0x000000000279f000 Implicit null exception at 0x0000000003022e26 to 0x0000000003027dcd
Event: 3.300 Thread 0x000000000279f000 Implicit null exception at 0x0000000002fa44e0 to 0x0000000002fa6e51
Event: 3.304 Thread 0x000000000279f000 Exception <a 'java/lang/ClassNotFoundException': com/kms/katalon/core/logging/KeywordLoggerBeanInfo> (0x00000000d61151f0) thrown at [C:\re\workspace\8-2-build-windows-amd64-cygwin\jdk8u181\11358\hotspot\src\share\vm\classfile\systemDictionary.cpp, line 21
Event: 3.308 Thread 0x000000000279f000 Exception <a 'java/lang/ClassNotFoundException': com/kms/katalon/core/logging/KeywordLoggerCustomizer> (0x00000000d6151d78) thrown at [C:\re\workspace\8-2-build-windows-amd64-cygwin\jdk8u181\11358\hotspot\src\share\vm\classfile\systemDictionary.cpp, line 
Event: 3.329 Thread 0x000000000279f000 Exception <a 'java/lang/ClassNotFoundException': com/kms/katalon/core/mobile/constants/CoreMobileMessageConstantsBeanInfo> (0x00000000d62859c8) thrown at [C:\re\workspace\8-2-build-windows-amd64-cygwin\jdk8u181\11358\hotspot\src\share\vm\classfile\systemD
Event: 3.330 Thread 0x000000000279f000 Exception <a 'java/lang/ClassNotFoundException': org/eclipse/osgi/util/NLSBeanInfo> (0x00000000d62b2b30) thrown at [C:\re\workspace\8-2-build-windows-amd64-cygwin\jdk8u181\11358\hotspot\src\share\vm\classfile\systemDictionary.cpp, line 210]
Event: 3.332 Thread 0x000000000279f000 Exception <a 'java/lang/ClassNotFoundException': org/eclipse/osgi/util/NLSCustomizer> (0x00000000d62e2748) thrown at [C:\re\workspace\8-2-build-windows-amd64-cygwin\jdk8u181\11358\hotspot\src\share\vm\classfile\systemDictionary.cpp, line 210]

Events (10 events):
Event: 3.330 loading class org/eclipse/osgi/util/NLSCustomizer
Event: 3.330 loading class org/eclipse/osgi/util/NLSCustomizer done
Event: 3.331 loading class org/eclipse/osgi/util/NLSCustomizer
Event: 3.331 loading class org/eclipse/osgi/util/NLSCustomizer done
Event: 3.332 loading class org/eclipse/osgi/util/NLSCustomizer
Event: 3.332 loading class org/eclipse/osgi/util/NLSCustomizer done
Event: 3.332 loading class com/kms/katalon/core/mobile/constants/CoreMobileMessageConstantsCustomizer
Event: 3.332 loading class com/kms/katalon/core/mobile/constants/CoreMobileMessageConstantsCustomizer done
Event: 3.333 loading class com/kms/katalon/core/mobile/constants/CoreMobileMessageConstantsCustomizer
Event: 3.333 loading class com/kms/katalon/core/mobile/constants/CoreMobileMessageConstantsCustomizer done


Dynamic libraries:
0x00007ff79f670000 - 0x00007ff79f6a7000 	D:\katalon apps\Katalon_Studio_Windows_64-7.2.1\Katalon_Studio_Windows_64-7.2.1\jre\bin\javaw.exe
0x00007fff55260000 - 0x00007fff55450000 	C:\WINDOWS\SYSTEM32\ntdll.dll
0x00007fff546e0000 - 0x00007fff54792000 	C:\WINDOWS\System32\KERNEL32.DLL
0x00007fff52430000 - 0x00007fff526d3000 	C:\WINDOWS\System32\KERNELBASE.dll
0x00007fff547a0000 - 0x00007fff54843000 	C:\WINDOWS\System32\ADVAPI32.dll
0x00007fff53a70000 - 0x00007fff53b0e000 	C:\WINDOWS\System32\msvcrt.dll
0x00007fff53df0000 - 0x00007fff53e87000 	C:\WINDOWS\System32\sechost.dll
0x00007fff537f0000 - 0x00007fff53910000 	C:\WINDOWS\System32\RPCRT4.dll
0x00007fff53c50000 - 0x00007fff53de4000 	C:\WINDOWS\System32\USER32.dll
0x00007fff531e0000 - 0x00007fff53201000 	C:\WINDOWS\System32\win32u.dll
0x00007fff548e0000 - 0x00007fff54906000 	C:\WINDOWS\System32\GDI32.dll
0x00007fff527f0000 - 0x00007fff52984000 	C:\WINDOWS\System32\gdi32full.dll
0x00007fff52340000 - 0x00007fff523de000 	C:\WINDOWS\System32\msvcp_win.dll
0x00007fff53210000 - 0x00007fff5330a000 	C:\WINDOWS\System32\ucrtbase.dll
0x00007fff42300000 - 0x00007fff42585000 	C:\WINDOWS\WinSxS\amd64_microsoft.windows.common-controls_6595b64144ccf1df_6.0.18362.778_none_e6c6b761130d4fb8\COMCTL32.dll
0x00007fff54010000 - 0x00007fff54346000 	C:\WINDOWS\System32\combase.dll
0x00007fff53160000 - 0x00007fff531e0000 	C:\WINDOWS\System32\bcryptPrimitives.dll
0x00007fff53e90000 - 0x00007fff53ebe000 	C:\WINDOWS\System32\IMM32.DLL
0x00000000746e0000 - 0x00000000747b2000 	D:\katalon apps\Katalon_Studio_Windows_64-7.2.1\Katalon_Studio_Windows_64-7.2.1\jre\bin\msvcr100.dll
0x0000000075550000 - 0x0000000075df2000 	D:\katalon apps\Katalon_Studio_Windows_64-7.2.1\Katalon_Studio_Windows_64-7.2.1\jre\bin\server\jvm.dll
0x00007fff54910000 - 0x00007fff54918000 	C:\WINDOWS\System32\PSAPI.DLL
0x00007fff45aa0000 - 0x00007fff45aa9000 	C:\WINDOWS\SYSTEM32\WSOCK32.dll
0x00007fff49290000 - 0x00007fff4929a000 	C:\WINDOWS\SYSTEM32\VERSION.dll
0x00007fff4fce0000 - 0x00007fff4fd04000 	C:\WINDOWS\SYSTEM32\WINMM.dll
0x00007fff54850000 - 0x00007fff548bf000 	C:\WINDOWS\System32\WS2_32.dll
0x00007fff4fcb0000 - 0x00007fff4fcdd000 	C:\WINDOWS\SYSTEM32\WINMMBASE.dll
0x00007fff523e0000 - 0x00007fff5242a000 	C:\WINDOWS\System32\cfgmgr32.dll
0x0000000075540000 - 0x000000007554f000 	D:\katalon apps\Katalon_Studio_Windows_64-7.2.1\Katalon_Studio_Windows_64-7.2.1\jre\bin\verify.dll
0x0000000075510000 - 0x0000000075539000 	D:\katalon apps\Katalon_Studio_Windows_64-7.2.1\Katalon_Studio_Windows_64-7.2.1\jre\bin\java.dll
0x00000000752f0000 - 0x0000000075306000 	D:\katalon apps\Katalon_Studio_Windows_64-7.2.1\Katalon_Studio_Windows_64-7.2.1\jre\bin\zip.dll
0x00007fff54920000 - 0x00007fff55005000 	C:\WINDOWS\System32\SHELL32.dll
0x00007fff54540000 - 0x00007fff545e9000 	C:\WINDOWS\System32\shcore.dll
0x00007fff52990000 - 0x00007fff53110000 	C:\WINDOWS\System32\windows.storage.dll
0x00007fff521c0000 - 0x00007fff521e3000 	C:\WINDOWS\System32\profapi.dll
0x00007fff52170000 - 0x00007fff521ba000 	C:\WINDOWS\System32\powrprof.dll
0x00007fff52120000 - 0x00007fff52130000 	C:\WINDOWS\System32\UMPDC.dll
0x00007fff53310000 - 0x00007fff53362000 	C:\WINDOWS\System32\shlwapi.dll
0x00007fff52130000 - 0x00007fff52141000 	C:\WINDOWS\System32\kernel.appcore.dll
0x00007fff53140000 - 0x00007fff53157000 	C:\WINDOWS\System32\cryptsp.dll
0x00000000752d0000 - 0x00000000752ea000 	D:\katalon apps\Katalon_Studio_Windows_64-7.2.1\Katalon_Studio_Windows_64-7.2.1\jre\bin\net.dll
0x00007fff51930000 - 0x00007fff51997000 	C:\WINDOWS\system32\mswsock.dll
0x00000000752b0000 - 0x00000000752c1000 	D:\katalon apps\Katalon_Studio_Windows_64-7.2.1\Katalon_Studio_Windows_64-7.2.1\jre\bin\nio.dll

VM Arguments:
jvm_args: -Dgroovy.home=/D:/katalon apps/Katalon_Studio_Windows_64-7.2.1/Katalon_Studio_Windows_64-7.2.1/plugins/org.codehaus.groovy_2.4.7.xx-201611170128-e46/ -Xmx2048m -Dfile.encoding=UTF-8 
java_command: org.codehaus.groovy.tools.GroovyStarter --classpath E:\rar\sehatQ\sehatQ\Include\scripts\groovy;E:\rar\sehatQ\sehatQ\Keywords;E:\rar\sehatQ\sehatQ\Libs;E:\rar\sehatQ\sehatQ\Test Listeners;D:\katalon apps\Katalon_Studio_Windows_64-7.2.1\Katalon_Studio_Windows_64-7.2.1\configuration\resources\lib\aalto-xml-1.0.0.jar;D:\katalon apps\Katalon_Studio_Windows_64-7.2.1\Katalon_Studio_Windows_64-7.2.1\configuration\resources\lib\aspectjweaver-1.9.1.jar;D:\katalon apps\Katalon_Studio_Windows_64-7.2.1\Katalon_Studio_Windows_64-7.2.1\configuration\resources\lib\bcpkix-jdk15on-1.58.jar;D:\katalon apps\Katalon_Studio_Windows_64-7.2.1\Katalon_Studio_Windows_64-7.2.1\configuration\resources\lib\bcprov-jdk15on-1.58.jar;D:\katalon apps\Katalon_Studio_Windows_64-7.2.1\Katalon_Studio_Windows_64-7.2.1\configuration\resources\lib\browsermob-core-2.1.5.jar;D:\katalon apps\Katalon_Studio_Windows_64-7.2.1\Katalon_Studio_Windows_64-7.2.1\configuration\resources\lib\cglib-3.2.10.jar;D:\katalon apps\Katalon_Studio_Windows_64-7.2.1\Katalon_Studio_Windows_64-7.2.1\configuration\resources\lib\commons-codec-1.10.jar;D:\katalon apps\Katalon_Studio_Windows_64-7.2.1\Katalon_Studio_Windows_64-7.2.1\configuration\resources\lib\commons-collections4-4.1.jar;D:\katalon apps\Katalon_Studio_Windows_64-7.2.1\Katalon_Studio_Windows_64-7.2.1\configuration\resources\lib\commons-validator-1.6.jar;D:\katalon apps\Katalon_Studio_Windows_64-7.2.1\Katalon_Studio_Windows_64-7.2.1\configuration\resources\lib\curvesapi-1.04.jar;D:\katalon apps\Katalon_Studio_Windows_64-7.2.1\Katalon_Studio_Windows_64-7.2.1\configuration\resources\lib\dnsjava-2.1.8.jar;D:\katalon apps\Katalon_Studio_Windows_64-7.2.1\Katalon_Studio_Windows_64-7.2.1\configuration\resources\lib\java-client-7.0.0.jar;D:\katalon apps\Katalon_Studio_Windows_64-7.2.1\Katalon_Studio_Windows_64-7.2.1\configuration\resources\lib\jna-4.1.0.jar;D:\katalon apps\Katalon_Studio_Windows_64-7.2.1\Katalon_Studio_Windows_64-7.2.1\configuration\resources\li
java_class_path (initial): E:\rar\sehatQ\sehatQ\bin\keyword;E:\rar\sehatQ\sehatQ\bin\listener;E:\rar\sehatQ\sehatQ\bin\lib;E:\rar\sehatQ\sehatQ\bin\groovy;E:\rar\sehatQ\sehatQ\bin;D:\katalon apps\Katalon_Studio_Windows_64-7.2.1\Katalon_Studio_Windows_64-7.2.1\plugins\com.kms.katalon.core_1.0.0.201912180934.jar;D:\katalon apps\Katalon_Studio_Windows_64-7.2.1\Katalon_Studio_Windows_64-7.2.1\configuration\resources\lib\aalto-xml-1.0.0.jar;D:\katalon apps\Katalon_Studio_Windows_64-7.2.1\Katalon_Studio_Windows_64-7.2.1\configuration\resources\lib\aspectjweaver-1.9.1.jar;D:\katalon apps\Katalon_Studio_Windows_64-7.2.1\Katalon_Studio_Windows_64-7.2.1\configuration\resources\lib\bcpkix-jdk15on-1.58.jar;D:\katalon apps\Katalon_Studio_Windows_64-7.2.1\Katalon_Studio_Windows_64-7.2.1\configuration\resources\lib\bcprov-jdk15on-1.58.jar;D:\katalon apps\Katalon_Studio_Windows_64-7.2.1\Katalon_Studio_Windows_64-7.2.1\configuration\resources\lib\browsermob-core-2.1.5.jar;D:\katalon apps\Katalon_Studio_Windows_64-7.2.1\Katalon_Studio_Windows_64-7.2.1\configuration\resources\lib\cglib-3.2.10.jar;D:\katalon apps\Katalon_Studio_Windows_64-7.2.1\Katalon_Studio_Windows_64-7.2.1\configuration\resources\lib\commons-codec-1.10.jar;D:\katalon apps\Katalon_Studio_Windows_64-7.2.1\Katalon_Studio_Windows_64-7.2.1\configuration\resources\lib\commons-collections4-4.1.jar;D:\katalon apps\Katalon_Studio_Windows_64-7.2.1\Katalon_Studio_Windows_64-7.2.1\configuration\resources\lib\commons-validator-1.6.jar;D:\katalon apps\Katalon_Studio_Windows_64-7.2.1\Katalon_Studio_Windows_64-7.2.1\configuration\resources\lib\curvesapi-1.04.jar;D:\katalon apps\Katalon_Studio_Windows_64-7.2.1\Katalon_Studio_Windows_64-7.2.1\configuration\resources\lib\dnsjava-2.1.8.jar;D:\katalon apps\Katalon_Studio_Windows_64-7.2.1\Katalon_Studio_Windows_64-7.2.1\configuration\resources\lib\java-client-7.0.0.jar;D:\katalon apps\Katalon_Studio_Windows_64-7.2.1\Katalon_Studio_Windows_64-7.2.1\configuration\resources\lib\jna-4.1.0.
Launcher Type: SUN_STANDARD

Environment Variables:
JAVA_HOME=D:\katalon apps\Katalon_Studio_Windows_64-7.2.1\Katalon_Studio_Windows_64-7.2.1\jre
PATH=D:/katalon apps/Katalon_Studio_Windows_64-7.2.1/Katalon_Studio_Windows_64-7.2.1/jre/bin/server;D:/katalon apps/Katalon_Studio_Windows_64-7.2.1/Katalon_Studio_Windows_64-7.2.1/jre/bin;D:/katalon apps/Katalon_Studio_Windows_64-7.2.1/Katalon_Studio_Windows_64-7.2.1/jre/lib/amd64;C:\Program Files (x86)\Common Files\Oracle\Java\javapath;C:\WINDOWS\system32;C:\WINDOWS;C:\WINDOWS\System32\Wbem;C:\WINDOWS\System32\WindowsPowerShell\v1.0\;C:\WINDOWS\System32\OpenSSH\;C:\Program Files\Java\jdk-12.0.2\bin;C:\Program Files (x86)\GitExtensions\;C:\Program Files\Git\cmd;C:\Program Files\nodejs\;C:\Users\faris\.windows-build-tools\python27\;C:\Users\faris\AppData\Local\Microsoft\WindowsApps;C:\Users\faris\AppData\Roaming\npm;C:\Users\faris\AppData\Local\GitHubDesktop\bin;C:\Users\faris\AppData\Local\Programs\Microsoft VS Code\bin;D:\katalon apps\Katalon_Studio_Windows_64-7.2.1\Katalon_Studio_Windows_64-7.2.1;:D:\katalon apps\Katalon_Studio_Windows_64-7.2.1\Katalon_Studio_Windows_64-7.2.1\jre\bin
USERNAME=faris
OS=Windows_NT
PROCESSOR_IDENTIFIER=AMD64 Family 23 Model 17 Stepping 0, AuthenticAMD



---------------  S Y S T E M  ---------------

OS: Windows 10.0 , 64 bit Build 18362 (10.0.18362.778)

CPU:total 8 (initial active 8) (8 cores per cpu, 1 threads per core) family 23 model 17 stepping 0, cmov, cx8, fxsr, mmx, sse, sse2, sse3, ssse3, sse4.1, sse4.2, popcnt, avx, avx2, aes, clmul, mmxext, 3dnowpref, lzcnt, sse4a, tsc, tscinvbit, tscinv, bmi1

Memory: 4k page, physical 7920208k(384856k free), swap 20695756k(5268k free)

vm_info: Java HotSpot(TM) 64-Bit Server VM (25.181-b13) for windows-amd64 JRE (1.8.0_181-b13), built on Jul  7 2018 04:01:33 by "java_re" with MS VC++ 10.0 (VS2010)

time: Wed May 13 04:54:41 2020
elapsed time: 3 seconds (0d 0h 0m 3s)

